<html>
<head>
<title>TestNG:  TestAndroid</title>
<link href="../testng.css" rel="stylesheet" type="text/css" />
<link href="../my-testng.css" rel="stylesheet" type="text/css" />

<style type="text/css">
.log { display: none;} 
.stack-trace { display: none;} 
</style>
<script type="text/javascript">
<!--
function flip(e) {
  current = e.style.display;
  if (current == 'block') {
    e.style.display = 'none';
    return 0;
  }
  else {
    e.style.display = 'block';
    return 1;
  }
}

function toggleBox(szDivId, elem, msg1, msg2)
{
  var res = -1;  if (document.getElementById) {
    res = flip(document.getElementById(szDivId));
  }
  else if (document.all) {
    // this is the way old msie versions work
    res = flip(document.all[szDivId]);
  }
  if(elem) {
    if(res == 0) elem.innerHTML = msg1; else elem.innerHTML = msg2;
  }

}

function toggleAllBoxes() {
  if (document.getElementsByTagName) {
    d = document.getElementsByTagName('div');
    for (i = 0; i < d.length; i++) {
      if (d[i].className == 'log') {
        flip(d[i]);
      }
    }
  }
}

// -->
</script>

</head>
<body>
<h2 align='center'>TestAndroid</h2><table border='1' align="center">
<tr>
<td>Tests passed/Failed/Skipped:</td><td>0/1/0</td>
</tr><tr>
<td>Started on:</td><td>Sun Feb 18 22:48:48 IST 2018</td>
</tr>
<tr><td>Total time:</td><td>67 seconds (67945 ms)</td>
</tr><tr>
<td>Included groups:</td><td></td>
</tr><tr>
<td>Excluded groups:</td><td></td>
</tr>
</table><p/>
<small><i>(Hover the method name to see the test class name)</i></small><p/>
<table width='100%' border='1' class='invocation-failed'>
<tr><td colspan='4' align='center'><b>FAILED TESTS</b></td></tr>
<tr><td><b>Test method</b></td>
<td width="30%"><b>Exception</b></td>
<td width="10%"><b>Time (seconds)</b></td>
<td><b>Instance</b></td>
</tr>
<tr>
<td title='myTests.webExample.TitleTest()'><b>TitleTest</b><br>Test class: myTests.webExample</td>
<td><div><pre>org.openqa.selenium.WebDriverException: unknown error (An unknown server-side error occurred. status=&apos;false&apos;. Failed to complete internal method: &apos;launch args: [chrome:https://experitest.com/, false, false]&apos;, details: Failed to navigate to chrome:https://experitest.com/)  (WARNING: The server did not provide any stacktrace information)
Command duration or timeout: 45.12 seconds
Build info: version: &apos;2.53.1&apos;, revision: &apos;a36b8b1cd5757287168e54b817830adce9b0158d&apos;, time: &apos;2016-06-30 19:26:09&apos;
System info: host: &apos;idoshoshani-lt&apos;, ip: &apos;10.0.75.1&apos;, os.name: &apos;Windows 10&apos;, os.arch: &apos;x86&apos;, os.version: &apos;10.0&apos;, java.version: &apos;1.8.0_151&apos;
Driver info: org.openqa.selenium.remote.RemoteWebDriver
Capabilities [{device.majorVersion=5.0.x, dontGoHomeOnQuit=false, device.os=Android, noReset=false, dontStopAppOnReset=false, reservationDuration=240, reportFormat=xml, fullReset=false, platform=ANDROID, desired={generateReport=true, acceptInsecureCerts=true, browserName=android, platformName=android, version=, platform=ANDROID, testName=Get Table Test Android5}, device.serialNumber=N2K7N16811000808, device.version=5.0.1, acceptInsecureCerts=true, browserName=android, reportDirectory=reports, autoWebview=false, platformName=android, testName=Get Table Test Android5, device.screenSize=720x1280, useKeystore=false, cloudViewLink=http://sales.experitest.com/agent-11/#/qE3WNWsHsf9xdXeb?1
Picked up Grid Node (seetest_7798)
Reserved Device : HUAWEI ALE-L02, generateReport=true, device.manufacture=HUAWEI, instrumentApp=false, device.category=PHONE, autoDismissAlerts=false, reportUrl=https://sales-reporter.experitest.com/#/test/5492, version=, keystorePath=~/.android/debug.keystore, waitForDeviceTimeout=120000, device.model=ALE-L02, device.name=HUAWEI ALE-L02, projectName=, gridNodePort=7798, autoAcceptAlerts=false}]
Session ID: CLOUD-SID:2018-02-18_22-48-29-8b662e81-f278-4b54-84ae-1be8be809005
	at org.openqa.selenium.remote.ErrorHandler.createThrowable(ErrorHandler.java:206)
	at org.openqa.selenium.remote.ErrorHandler.throwIfResponseFailed(ErrorHandler.java:158)
	at org.openqa.selenium.remote.RemoteWebDriver.execute(RemoteWebDriver.java:678)
	at org.openqa.selenium.remote.RemoteWebDriver.get(RemoteWebDriver.java:316)
	at myTests.webExample.TitleTest(webExample.java:77)
... Removed 29 stack frames</pre></div><a href='#' onClick='toggleBox("stack-trace20093333", this, "Click to show all stack frames", "Click to hide stack frames")'>Click to show all stack frames</a>
<div class='stack-trace' id='stack-trace20093333'><pre>org.openqa.selenium.WebDriverException: unknown error (An unknown server-side error occurred. status=&apos;false&apos;. Failed to complete internal method: &apos;launch args: [chrome:https://experitest.com/, false, false]&apos;, details: Failed to navigate to chrome:https://experitest.com/)  (WARNING: The server did not provide any stacktrace information)
Command duration or timeout: 45.12 seconds
Build info: version: &apos;2.53.1&apos;, revision: &apos;a36b8b1cd5757287168e54b817830adce9b0158d&apos;, time: &apos;2016-06-30 19:26:09&apos;
System info: host: &apos;idoshoshani-lt&apos;, ip: &apos;10.0.75.1&apos;, os.name: &apos;Windows 10&apos;, os.arch: &apos;x86&apos;, os.version: &apos;10.0&apos;, java.version: &apos;1.8.0_151&apos;
Driver info: org.openqa.selenium.remote.RemoteWebDriver
Capabilities [{device.majorVersion=5.0.x, dontGoHomeOnQuit=false, device.os=Android, noReset=false, dontStopAppOnReset=false, reservationDuration=240, reportFormat=xml, fullReset=false, platform=ANDROID, desired={generateReport=true, acceptInsecureCerts=true, browserName=android, platformName=android, version=, platform=ANDROID, testName=Get Table Test Android5}, device.serialNumber=N2K7N16811000808, device.version=5.0.1, acceptInsecureCerts=true, browserName=android, reportDirectory=reports, autoWebview=false, platformName=android, testName=Get Table Test Android5, device.screenSize=720x1280, useKeystore=false, cloudViewLink=http://sales.experitest.com/agent-11/#/qE3WNWsHsf9xdXeb?1
Picked up Grid Node (seetest_7798)
Reserved Device : HUAWEI ALE-L02, generateReport=true, device.manufacture=HUAWEI, instrumentApp=false, device.category=PHONE, autoDismissAlerts=false, reportUrl=https://sales-reporter.experitest.com/#/test/5492, version=, keystorePath=~/.android/debug.keystore, waitForDeviceTimeout=120000, device.model=ALE-L02, device.name=HUAWEI ALE-L02, projectName=, gridNodePort=7798, autoAcceptAlerts=false}]
Session ID: CLOUD-SID:2018-02-18_22-48-29-8b662e81-f278-4b54-84ae-1be8be809005
	at sun.reflect.NativeConstructorAccessorImpl.newInstance0(Native Method)
	at sun.reflect.NativeConstructorAccessorImpl.newInstance(NativeConstructorAccessorImpl.java:62)
	at sun.reflect.DelegatingConstructorAccessorImpl.newInstance(DelegatingConstructorAccessorImpl.java:45)
	at java.lang.reflect.Constructor.newInstance(Constructor.java:423)
	at org.openqa.selenium.remote.ErrorHandler.createThrowable(ErrorHandler.java:206)
	at org.openqa.selenium.remote.ErrorHandler.throwIfResponseFailed(ErrorHandler.java:158)
	at org.openqa.selenium.remote.RemoteWebDriver.execute(RemoteWebDriver.java:678)
	at org.openqa.selenium.remote.RemoteWebDriver.get(RemoteWebDriver.java:316)
	at myTests.webExample.TitleTest(webExample.java:77)
	at sun.reflect.NativeMethodAccessorImpl.invoke0(Native Method)
	at sun.reflect.NativeMethodAccessorImpl.invoke(NativeMethodAccessorImpl.java:62)
	at sun.reflect.DelegatingMethodAccessorImpl.invoke(DelegatingMethodAccessorImpl.java:43)
	at java.lang.reflect.Method.invoke(Method.java:498)
	at org.testng.internal.MethodInvocationHelper.invokeMethod(MethodInvocationHelper.java:124)
	at org.testng.internal.Invoker.invokeMethod(Invoker.java:571)
	at org.testng.internal.Invoker.invokeTestMethod(Invoker.java:707)
	at org.testng.internal.Invoker.invokeTestMethods(Invoker.java:979)
	at org.testng.internal.TestMethodWorker.invokeTestMethods(TestMethodWorker.java:125)
	at org.testng.internal.TestMethodWorker.run(TestMethodWorker.java:109)
	at org.testng.TestRunner.privateRun(TestRunner.java:648)
	at org.testng.TestRunner.run(TestRunner.java:505)
	at org.testng.SuiteRunner.runTest(SuiteRunner.java:455)
	at org.testng.SuiteRunner.runSequentially(SuiteRunner.java:450)
	at org.testng.SuiteRunner.privateRun(SuiteRunner.java:415)
	at org.testng.SuiteRunner.run(SuiteRunner.java:364)
	at org.testng.SuiteRunnerWorker.runSuite(SuiteRunnerWorker.java:52)
	at org.testng.SuiteRunnerWorker.run(SuiteRunnerWorker.java:84)
	at org.testng.TestNG.runSuitesSequentially(TestNG.java:1187)
	at org.testng.TestNG.runSuitesLocally(TestNG.java:1116)
	at org.testng.TestNG.runSuites(TestNG.java:1028)
	at org.testng.TestNG.run(TestNG.java:996)
	at org.testng.remote.AbstractRemoteTestNG.run(AbstractRemoteTestNG.java:114)
	at org.testng.remote.RemoteTestNG.initAndRun(RemoteTestNG.java:251)
	at org.testng.remote.RemoteTestNG.main(RemoteTestNG.java:77)
</pre></div></td>
<td>45</td>
<td>myTests.webExample@da0940</td></tr>
</table><p>
</body>
</html>