<?xml version="1.0" encoding="UTF-8"?>
<!-- Generated by org.testng.reporters.JUnitXMLReporter -->
<testsuite hostname="idoshoshani-lt" ignored="0" name="TestIEs" tests="1" failures="0" timestamp="18 Feb 2018 20:46:47 GMT" time="3.786" errors="0">
  <testcase name="@BeforeMethod setup" time="3.762" classname="myTests.webExample">
    <failure type="org.openqa.selenium.WebDriverException" message="Invalid timeout type specified: ms
Build info: version: &amp;apos;3.6.0&amp;apos;, revision: &amp;apos;37084fe&amp;apos;, time: &amp;apos;2018-01-15T13:49:38.377Z&amp;apos;
System info: host: &amp;apos;SALES-DHM2&amp;apos;, ip: &amp;apos;62.90.196.37&amp;apos;, os.name: &amp;apos;Windows Server 2012 R2&amp;apos;, os.arch: &amp;apos;x86&amp;apos;, os.version: &amp;apos;6.3&amp;apos;, java.version: &amp;apos;1.8.0_74&amp;apos;
Driver info: driver.version: unknown
Command duration or timeout: 413 milliseconds
Build info: version: &amp;apos;2.53.1&amp;apos;, revision: &amp;apos;a36b8b1cd5757287168e54b817830adce9b0158d&amp;apos;, time: &amp;apos;2016-06-30 19:26:09&amp;apos;
System info: host: &amp;apos;idoshoshani-lt&amp;apos;, ip: &amp;apos;10.0.75.1&amp;apos;, os.name: &amp;apos;Windows 10&amp;apos;, os.arch: &amp;apos;x86&amp;apos;, os.version: &amp;apos;10.0&amp;apos;, java.version: &amp;apos;1.8.0_151&amp;apos;
Driver info: org.openqa.selenium.remote.RemoteWebDriver
Capabilities [{proxy={}, acceptInsecureCerts=false, browserVersion=11, se:ieOptions={nativeEvents=true, browserAttachTimeout=0, ie.ensureCleanSession=false, elementScrollBehavior=0, enablePersistentHover=true, ie.browserCommandLineSwitches=, ie.forceCreateProcessApi=false, requireWindowFocus=false, initialBrowserUrl=http://localhost:28974/, ignoreZoomSetting=false, ie.fileUploadDialogTimeout=3000, ignoreProtectedModeSettings=false}, timeouts={implicit=0, pageLoad=300000, script=30000}, browserName=internet explorer, pageLoadStrategy=normal, unhandledPromptBehavior=dismiss, reportUrl=https://sales-reporter.experitest.com/#/test/5490, platformName=windows, setWindowRect=true, platform=ANY}]
Session ID: d7a5be09-70b0-464a-b60c-377b9ad2c432">
      <![CDATA[org.openqa.selenium.WebDriverException: Invalid timeout type specified: msBuild info: version: '3.6.0', revision: '37084fe', time: '2018-01-15T13:49:38.377Z'System info: host: 'SALES-DHM2', ip: '62.90.196.37', os.name: 'Windows Server 2012 R2', os.arch: 'x86', os.version: '6.3', java.version: '1.8.0_74'Driver info: driver.version: unknownCommand duration or timeout: 413 millisecondsBuild info: version: '2.53.1', revision: 'a36b8b1cd5757287168e54b817830adce9b0158d', time: '2016-06-30 19:26:09'System info: host: 'idoshoshani-lt', ip: '10.0.75.1', os.name: 'Windows 10', os.arch: 'x86', os.version: '10.0', java.version: '1.8.0_151'Driver info: org.openqa.selenium.remote.RemoteWebDriverCapabilities [{proxy={}, acceptInsecureCerts=false, browserVersion=11, se:ieOptions={nativeEvents=true, browserAttachTimeout=0, ie.ensureCleanSession=false, elementScrollBehavior=0, enablePersistentHover=true, ie.browserCommandLineSwitches=, ie.forceCreateProcessApi=false, requireWindowFocus=false, initialBrowserUrl=http://localhost:28974/, ignoreZoomSetting=false, ie.fileUploadDialogTimeout=3000, ignoreProtectedModeSettings=false}, timeouts={implicit=0, pageLoad=300000, script=30000}, browserName=internet explorer, pageLoadStrategy=normal, unhandledPromptBehavior=dismiss, reportUrl=https://sales-reporter.experitest.com/#/test/5490, platformName=windows, setWindowRect=true, platform=ANY}]Session ID: d7a5be09-70b0-464a-b60c-377b9ad2c432at org.openqa.selenium.remote.ErrorHandler.createThrowable(ErrorHandler.java:206)at org.openqa.selenium.remote.ErrorHandler.throwIfResponseFailed(ErrorHandler.java:158)at org.openqa.selenium.remote.RemoteWebDriver.execute(RemoteWebDriver.java:678)at org.openqa.selenium.remote.RemoteWebDriver$RemoteWebDriverOptions$RemoteTimeouts.implicitlyWait(RemoteWebDriver.java:865)at myTests.webExample.setup(webExample.java:71)Caused by: org.openqa.selenium.WebDriverException: Invalid timeout type specified: msBuild info: version: '3.6.0', revision: '37084fe', time: '2018-01-15T13:49:38.377Z'System info: host: 'SALES-DHM2', ip: '62.90.196.37', os.name: 'Windows Server 2012 R2', os.arch: 'x86', os.version: '6.3', java.version: '1.8.0_74'Driver info: driver.version: unknownBuild info: version: '2.53.1', revision: 'a36b8b1cd5757287168e54b817830adce9b0158d', time: '2016-06-30 19:26:09'System info: host: 'idoshoshani-lt', ip: '10.0.75.1', os.name: 'Windows 10', os.arch: 'x86', os.version: '10.0', java.version: '1.8.0_151'Driver info: driver.version: unknown... Removed 32 stack frames]]>
    </failure>
  </testcase> <!-- @BeforeMethod setup -->
  <testcase name="@AfterMethod teardown" time="0.0" classname="myTests.webExample">
    <skipped/>
  </testcase> <!-- @AfterMethod teardown -->
  <testcase name="TitleTest" time="0.0" classname="myTests.webExample">
    <skipped/>
  </testcase> <!-- TitleTest -->
</testsuite> <!-- TestIEs -->
