<!DOCTYPE html PUBLIC "-//W3C//DTD XHTML 1.1//EN" "http://www.w3.org/TR/xhtml11/DTD/xhtml11.dtd">
<html xmlns="http://www.w3.org/1999/xhtml">
<head>
<meta http-equiv="content-type" content="text/html; charset=UTF-8"/>
<title>TestNG Report</title>
<style type="text/css">table {margin-bottom:10px;border-collapse:collapse;empty-cells:show}th,td {border:1px solid #009;padding:.25em .5em}th {vertical-align:bottom}td {vertical-align:top}table a {font-weight:bold}.stripe td {background-color: #E6EBF9}.num {text-align:right}.passedodd td {background-color: #3F3}.passedeven td {background-color: #0A0}.skippedodd td {background-color: #DDD}.skippedeven td {background-color: #CCC}.failedodd td,.attn {background-color: #F33}.failedeven td,.stripe .attn {background-color: #D00}.stacktrace {white-space:pre;font-family:monospace}.totop {font-size:85%;text-align:center;border-bottom:2px solid #000}.invisible {display:none}</style>
</head>
<body>
<table>
<tr><th>Test</th><th># Passed</th><th># Skipped</th><th># Failed</th><th>Time (ms)</th><th>Included Groups</th><th>Excluded Groups</th></tr>
<tr><th colspan="7">Suite</th></tr>
<tr><td><a href="#t0">TestFirefox</a></td><td class="num">1</td><td class="num">0</td><td class="num">0</td><td class="num">22,830</td><td></td><td></td></tr>
<tr class="stripe"><td><a href="#t1">TestChrome</a></td><td class="num">1</td><td class="num">0</td><td class="num">0</td><td class="num">17,769</td><td></td><td></td></tr>
<tr><td><a href="#t2">TestIEs</a></td><td class="num">0</td><td class="num attn">1</td><td class="num">0</td><td class="num">3,786</td><td></td><td></td></tr>
<tr class="stripe"><td><a href="#t3">TestIOS</a></td><td class="num">1</td><td class="num">0</td><td class="num">0</td><td class="num">120,976</td><td></td><td></td></tr>
<tr><td><a href="#t4">TestAndroid</a></td><td class="num">0</td><td class="num">0</td><td class="num attn">1</td><td class="num">67,945</td><td></td><td></td></tr>
<tr><th>Total</th><th class="num">3</th><th class="num attn">1</th><th class="num attn">1</th><th class="num">233,306</th><th colspan="2"></th></tr>
</table>
<table id='summary'><thead><tr><th>Class</th><th>Method</th><th>Start</th><th>Time (ms)</th></tr></thead><tbody><tr><th colspan="4">Suite</th></tr></tbody><tbody id="t0"><tr><th colspan="4">TestFirefox &#8212; passed</th></tr><tr class="passedeven"><td rowspan="1">myTests.webExample</td><td><a href="#m0">TitleTest</a></td><td rowspan="1">1518986769866</td><td rowspan="1">15206</td></tr></tbody>
<tbody id="t1"><tr><th colspan="4">TestChrome &#8212; passed</th></tr><tr class="passedeven"><td rowspan="1">myTests.webExample</td><td><a href="#m1">TitleTest</a></td><td rowspan="1">1518986789068</td><td rowspan="1">13972</td></tr></tbody>
<tbody id="t2"><tr><th colspan="4">TestIEs &#8212; failed (configuration methods)</th></tr><tr class="failedeven"><td rowspan="1">myTests.webExample</td><td><a href="#m2">setup</a></td><td rowspan="1">1518986803361</td><td rowspan="1">3762</td></tr><tr><th colspan="4">TestIEs &#8212; skipped (configuration methods)</th></tr><tr class="skippedeven"><td rowspan="1">myTests.webExample</td><td><a href="#m3">teardown</a></td><td rowspan="1">1518986807139</td><td rowspan="1">0</td></tr><tr><th colspan="4">TestIEs &#8212; skipped</th></tr><tr class="skippedeven"><td rowspan="1">myTests.webExample</td><td><a href="#m4">TitleTest</a></td><td rowspan="1">1518986807135</td><td rowspan="1">0</td></tr></tbody>
<tbody id="t3"><tr><th colspan="4">TestIOS &#8212; passed</th></tr><tr class="passedeven"><td rowspan="1">myTests.webExample</td><td><a href="#m5">TitleTest</a></td><td rowspan="1">1518986864891</td><td rowspan="1">59392</td></tr></tbody>
<tbody id="t4"><tr><th colspan="4">TestAndroid &#8212; failed</th></tr><tr class="failedeven"><td rowspan="1">myTests.webExample</td><td><a href="#m6">TitleTest</a></td><td rowspan="1">1518986944043</td><td rowspan="1">45124</td></tr></tbody>
</table>
<h2>TestFirefox</h2><h3 id="m0">myTests.webExample#TitleTest</h3><table class="result"><tr><th class="invisible"/></tr></table><p class="totop"><a href="#summary">back to summary</a></p>
<h2>TestChrome</h2><h3 id="m1">myTests.webExample#TitleTest</h3><table class="result"><tr><th class="invisible"/></tr></table><p class="totop"><a href="#summary">back to summary</a></p>
<h2>TestIEs</h2><h3 id="m2">myTests.webExample#setup</h3><table class="result"><tr class="param"><th>Parameter #1</th><th>Parameter #2</th></tr><tr class="param stripe"><td>IE</td><td>3</td></tr><tr><th colspan="2">Exception</th></tr><tr><td colspan="2"><div class="stacktrace">org.openqa.selenium.WebDriverException: Invalid timeout type specified: ms
Build info: version: &apos;3.6.0&apos;, revision: &apos;37084fe&apos;, time: &apos;2018-01-15T13:49:38.377Z&apos;
System info: host: &apos;SALES-DHM2&apos;, ip: &apos;62.90.196.37&apos;, os.name: &apos;Windows Server 2012 R2&apos;, os.arch: &apos;x86&apos;, os.version: &apos;6.3&apos;, java.version: &apos;1.8.0_74&apos;
Driver info: driver.version: unknown
Command duration or timeout: 413 milliseconds
Build info: version: &apos;2.53.1&apos;, revision: &apos;a36b8b1cd5757287168e54b817830adce9b0158d&apos;, time: &apos;2016-06-30 19:26:09&apos;
System info: host: &apos;idoshoshani-lt&apos;, ip: &apos;10.0.75.1&apos;, os.name: &apos;Windows 10&apos;, os.arch: &apos;x86&apos;, os.version: &apos;10.0&apos;, java.version: &apos;1.8.0_151&apos;
Driver info: org.openqa.selenium.remote.RemoteWebDriver
Capabilities [{proxy={}, acceptInsecureCerts=false, browserVersion=11, se:ieOptions={nativeEvents=true, browserAttachTimeout=0, ie.ensureCleanSession=false, elementScrollBehavior=0, enablePersistentHover=true, ie.browserCommandLineSwitches=, ie.forceCreateProcessApi=false, requireWindowFocus=false, initialBrowserUrl=http://localhost:28974/, ignoreZoomSetting=false, ie.fileUploadDialogTimeout=3000, ignoreProtectedModeSettings=false}, timeouts={implicit=0, pageLoad=300000, script=30000}, browserName=internet explorer, pageLoadStrategy=normal, unhandledPromptBehavior=dismiss, reportUrl=https://sales-reporter.experitest.com/#/test/5490, platformName=windows, setWindowRect=true, platform=ANY}]
Session ID: d7a5be09-70b0-464a-b60c-377b9ad2c432
	at org.openqa.selenium.remote.ErrorHandler.createThrowable(ErrorHandler.java:206)
	at org.openqa.selenium.remote.ErrorHandler.throwIfResponseFailed(ErrorHandler.java:158)
	at org.openqa.selenium.remote.RemoteWebDriver.execute(RemoteWebDriver.java:678)
	at org.openqa.selenium.remote.RemoteWebDriver$RemoteWebDriverOptions$RemoteTimeouts.implicitlyWait(RemoteWebDriver.java:865)
	at myTests.webExample.setup(webExample.java:71)
Caused by: org.openqa.selenium.WebDriverException: Invalid timeout type specified: ms
Build info: version: &apos;3.6.0&apos;, revision: &apos;37084fe&apos;, time: &apos;2018-01-15T13:49:38.377Z&apos;
System info: host: &apos;SALES-DHM2&apos;, ip: &apos;62.90.196.37&apos;, os.name: &apos;Windows Server 2012 R2&apos;, os.arch: &apos;x86&apos;, os.version: &apos;6.3&apos;, java.version: &apos;1.8.0_74&apos;
Driver info: driver.version: unknown
Build info: version: &apos;2.53.1&apos;, revision: &apos;a36b8b1cd5757287168e54b817830adce9b0158d&apos;, time: &apos;2016-06-30 19:26:09&apos;
System info: host: &apos;idoshoshani-lt&apos;, ip: &apos;10.0.75.1&apos;, os.name: &apos;Windows 10&apos;, os.arch: &apos;x86&apos;, os.version: &apos;10.0&apos;, java.version: &apos;1.8.0_151&apos;
Driver info: driver.version: unknown
... Removed 32 stack frames</div></td></tr></table><p class="totop"><a href="#summary">back to summary</a></p>
<h3 id="m3">myTests.webExample#teardown</h3><table class="result"><tr><th class="invisible"/></tr></table><p class="totop"><a href="#summary">back to summary</a></p>
<h3 id="m4">myTests.webExample#TitleTest</h3><table class="result"><tr><th>Exception</th></tr><tr><td><div class="stacktrace">org.openqa.selenium.WebDriverException: Invalid timeout type specified: ms
Build info: version: &apos;3.6.0&apos;, revision: &apos;37084fe&apos;, time: &apos;2018-01-15T13:49:38.377Z&apos;
System info: host: &apos;SALES-DHM2&apos;, ip: &apos;62.90.196.37&apos;, os.name: &apos;Windows Server 2012 R2&apos;, os.arch: &apos;x86&apos;, os.version: &apos;6.3&apos;, java.version: &apos;1.8.0_74&apos;
Driver info: driver.version: unknown
Command duration or timeout: 413 milliseconds
Build info: version: &apos;2.53.1&apos;, revision: &apos;a36b8b1cd5757287168e54b817830adce9b0158d&apos;, time: &apos;2016-06-30 19:26:09&apos;
System info: host: &apos;idoshoshani-lt&apos;, ip: &apos;10.0.75.1&apos;, os.name: &apos;Windows 10&apos;, os.arch: &apos;x86&apos;, os.version: &apos;10.0&apos;, java.version: &apos;1.8.0_151&apos;
Driver info: org.openqa.selenium.remote.RemoteWebDriver
Capabilities [{proxy={}, acceptInsecureCerts=false, browserVersion=11, se:ieOptions={nativeEvents=true, browserAttachTimeout=0, ie.ensureCleanSession=false, elementScrollBehavior=0, enablePersistentHover=true, ie.browserCommandLineSwitches=, ie.forceCreateProcessApi=false, requireWindowFocus=false, initialBrowserUrl=http://localhost:28974/, ignoreZoomSetting=false, ie.fileUploadDialogTimeout=3000, ignoreProtectedModeSettings=false}, timeouts={implicit=0, pageLoad=300000, script=30000}, browserName=internet explorer, pageLoadStrategy=normal, unhandledPromptBehavior=dismiss, reportUrl=https://sales-reporter.experitest.com/#/test/5490, platformName=windows, setWindowRect=true, platform=ANY}]
Session ID: d7a5be09-70b0-464a-b60c-377b9ad2c432
	at org.openqa.selenium.remote.ErrorHandler.createThrowable(ErrorHandler.java:206)
	at org.openqa.selenium.remote.ErrorHandler.throwIfResponseFailed(ErrorHandler.java:158)
	at org.openqa.selenium.remote.RemoteWebDriver.execute(RemoteWebDriver.java:678)
	at org.openqa.selenium.remote.RemoteWebDriver$RemoteWebDriverOptions$RemoteTimeouts.implicitlyWait(RemoteWebDriver.java:865)
	at myTests.webExample.setup(webExample.java:71)
Caused by: org.openqa.selenium.WebDriverException: Invalid timeout type specified: ms
Build info: version: &apos;3.6.0&apos;, revision: &apos;37084fe&apos;, time: &apos;2018-01-15T13:49:38.377Z&apos;
System info: host: &apos;SALES-DHM2&apos;, ip: &apos;62.90.196.37&apos;, os.name: &apos;Windows Server 2012 R2&apos;, os.arch: &apos;x86&apos;, os.version: &apos;6.3&apos;, java.version: &apos;1.8.0_74&apos;
Driver info: driver.version: unknown
Build info: version: &apos;2.53.1&apos;, revision: &apos;a36b8b1cd5757287168e54b817830adce9b0158d&apos;, time: &apos;2016-06-30 19:26:09&apos;
System info: host: &apos;idoshoshani-lt&apos;, ip: &apos;10.0.75.1&apos;, os.name: &apos;Windows 10&apos;, os.arch: &apos;x86&apos;, os.version: &apos;10.0&apos;, java.version: &apos;1.8.0_151&apos;
Driver info: driver.version: unknown
... Removed 32 stack frames</div></td></tr></table><p class="totop"><a href="#summary">back to summary</a></p>
<h2>TestIOS</h2><h3 id="m5">myTests.webExample#TitleTest</h3><table class="result"><tr><th class="invisible"/></tr></table><p class="totop"><a href="#summary">back to summary</a></p>
<h2>TestAndroid</h2><h3 id="m6">myTests.webExample#TitleTest</h3><table class="result"><tr><th>Exception</th></tr><tr><td><div class="stacktrace">org.openqa.selenium.WebDriverException: unknown error (An unknown server-side error occurred. status=&apos;false&apos;. Failed to complete internal method: &apos;launch args: [chrome:https://experitest.com/, false, false]&apos;, details: Failed to navigate to chrome:https://experitest.com/)  (WARNING: The server did not provide any stacktrace information)
Command duration or timeout: 45.12 seconds
Build info: version: &apos;2.53.1&apos;, revision: &apos;a36b8b1cd5757287168e54b817830adce9b0158d&apos;, time: &apos;2016-06-30 19:26:09&apos;
System info: host: &apos;idoshoshani-lt&apos;, ip: &apos;10.0.75.1&apos;, os.name: &apos;Windows 10&apos;, os.arch: &apos;x86&apos;, os.version: &apos;10.0&apos;, java.version: &apos;1.8.0_151&apos;
Driver info: org.openqa.selenium.remote.RemoteWebDriver
Capabilities [{device.majorVersion=5.0.x, dontGoHomeOnQuit=false, device.os=Android, noReset=false, dontStopAppOnReset=false, reservationDuration=240, reportFormat=xml, fullReset=false, platform=ANDROID, desired={generateReport=true, acceptInsecureCerts=true, browserName=android, platformName=android, version=, platform=ANDROID, testName=Get Table Test Android5}, device.serialNumber=N2K7N16811000808, device.version=5.0.1, acceptInsecureCerts=true, browserName=android, reportDirectory=reports, autoWebview=false, platformName=android, testName=Get Table Test Android5, device.screenSize=720x1280, useKeystore=false, cloudViewLink=http://sales.experitest.com/agent-11/#/qE3WNWsHsf9xdXeb?1
Picked up Grid Node (seetest_7798)
Reserved Device : HUAWEI ALE-L02, generateReport=true, device.manufacture=HUAWEI, instrumentApp=false, device.category=PHONE, autoDismissAlerts=false, reportUrl=https://sales-reporter.experitest.com/#/test/5492, version=, keystorePath=~/.android/debug.keystore, waitForDeviceTimeout=120000, device.model=ALE-L02, device.name=HUAWEI ALE-L02, projectName=, gridNodePort=7798, autoAcceptAlerts=false}]
Session ID: CLOUD-SID:2018-02-18_22-48-29-8b662e81-f278-4b54-84ae-1be8be809005
	at org.openqa.selenium.remote.ErrorHandler.createThrowable(ErrorHandler.java:206)
	at org.openqa.selenium.remote.ErrorHandler.throwIfResponseFailed(ErrorHandler.java:158)
	at org.openqa.selenium.remote.RemoteWebDriver.execute(RemoteWebDriver.java:678)
	at org.openqa.selenium.remote.RemoteWebDriver.get(RemoteWebDriver.java:316)
	at myTests.webExample.TitleTest(webExample.java:77)
... Removed 29 stack frames</div></td></tr></table><p class="totop"><a href="#summary">back to summary</a></p>
</body>
</html>
